-------------------------------------------------------------------------------
Test set: com.luigui.app.escuela.SpringBootServicioRestTutumApplicationTests
-------------------------------------------------------------------------------
Tests run: 1, Failures: 0, Errors: 1, Skipped: 0, Time elapsed: 1.574 s <<< FAILURE! - in com.luigui.app.escuela.SpringBootServicioRestTutumApplicationTests
contextLoads  Time elapsed: 0.02 s  <<< ERROR!
java.lang.IllegalStateException: Failed to load ApplicationContext
Caused by: org.springframework.beans.factory.BeanDefinitionStoreException: Failed to parse configuration class [com.luigui.app.escuela.SpringBootServicioRestTutumApplication]; nested exception is java.lang.IllegalStateException: Failed to introspect annotated methods on class com.luigui.app.escuela.SpringBootServicioRestTutumApplication
Caused by: java.lang.IllegalStateException: Failed to introspect annotated methods on class com.luigui.app.escuela.SpringBootServicioRestTutumApplication
Caused by: java.lang.IllegalStateException: Failed to introspect Class [com.luigui.app.escuela.SpringBootServicioRestTutumApplication] from ClassLoader [jdk.internal.loader.ClassLoaders$AppClassLoader@42110406]
Caused by: java.lang.NoClassDefFoundError: ModelMapper
Caused by: java.lang.ClassNotFoundException: ModelMapper

